<?xml version="1.0" encoding="UTF-8"?>
<!-- Generated by org.testng.reporters.JUnitXMLReporter -->
<testsuite hostname="DESKTOP-40BDOT5" ignored="0" name="core_release" tests="19" failures="1" timestamp="27 сен 2017 08:56:09 GMT" time="255.324" errors="0">
  <testcase name="setBrowser" time="28.672" classname="com.mocotms.core_release.Test.organization.Configurations"/>
  <testcase name="createPost" time="8.173" classname="com.mocotms.core_release.Test.organization.posts.PostTest"/>
  <testcase name="createDepartment" time="7.212" classname="com.mocotms.core_release.Test.organization.structure.DepartmentTest"/>
  <testcase name="createNewUser" time="15.716" classname="com.mocotms.core_release.Test.organization.user.EmployeeTest"/>
  <testcase name="findCreatedUserName" time="10.925" classname="com.mocotms.core_release.Test.organization.user.EmployeeTest"/>
  <testcase name="createNewUserChief" time="15.082" classname="com.mocotms.core_release.Test.organization.chief.ChiefTest"/>
  <testcase name="addChief" time="11.969" classname="com.mocotms.core_release.Test.organization.chief.ChiefTest"/>
  <testcase name="findAddedChief" time="0.67" classname="com.mocotms.core_release.Test.organization.chief.ChiefTest"/>
  <testcase name="deleteChief" time="6.894" classname="com.mocotms.core_release.Test.organization.chief.ChiefTest">
    <failure type="com.codeborne.selenide.ex.ElementShould" message="Element should be visible {By.xpath: //*[@id=&amp;apos;moco-config-chiefs-index&amp;apos;]/div[12]/div[3]/div/button[1]}
Element: &amp;apos;&amp;lt;button class=&amp;quot;ui-button ui-widget ui-state-default ui-corner-all ui-button-text-only&amp;quot; role=&amp;quot;button&amp;quot; type=&amp;quot;button&amp;quot; displayed:false&amp;gt;&amp;lt;/button&amp;gt;&amp;apos;">
      <![CDATA[Element should be visible {By.xpath: //*[@id='moco-config-chiefs-index']/div[12]/div[3]/div/button[1]}
Element: '<button class="ui-button ui-widget ui-state-default ui-corner-all ui-button-text-only" role="button" type="button" displayed:false></button>'
Screenshot: file:/C:/Users/Святослав/moco0xtest/build/reports/tests/1506502418954.0.png
Timeout: 4 s.
	at com.codeborne.selenide.impl.WebElementSource.checkCondition(WebElementSource.java:66)
	at com.codeborne.selenide.impl.WebElementSource.findAndAssertElementIsVisible(WebElementSource.java:72)
	at com.codeborne.selenide.commands.Click.execute(Click.java:14)
	at com.codeborne.selenide.commands.Click.execute(Click.java:11)
	at com.codeborne.selenide.commands.Commands.execute(Commands.java:143)
	at com.codeborne.selenide.impl.SelenideElementProxy.dispatchAndRetry(SelenideElementProxy.java:87)
	at com.codeborne.selenide.impl.SelenideElementProxy.invoke(SelenideElementProxy.java:63)
	at com.sun.proxy.$Proxy2.click(Unknown Source)
	at com.mocotms.core_release.Test.organization.chief.ChiefTest.deleteChief(ChiefTest.java:53)
... Removed 29 stack frames]]>
    </failure>
  </testcase> <!-- deleteChief -->
  <testcase name="createNewUserModerator" time="15.007" classname="com.mocotms.core_release.Test.organization.moderator.ModeratorTest"/>
  <testcase name="addModerator" time="11.733" classname="com.mocotms.core_release.Test.organization.moderator.ModeratorTest"/>
  <testcase name="addTrainer" time="14.909" classname="com.mocotms.core_release.Test.learning.trainers.TrainersTest"/>
  <testcase name="editPost" time="16.736" classname="com.mocotms.core_release.Test.organization.posts.PostTest"/>
  <testcase name="editDepartment" time="8.563" classname="com.mocotms.core_release.Test.organization.structure.DepartmentTest"/>
  <testcase name="deleteCreatedUser" time="21.408" classname="com.mocotms.core_release.Test.organization.user.EmployeeTest"/>
  <testcase name="deleteCreatedUserModerator" time="21.042" classname="com.mocotms.core_release.Test.organization.moderator.ModeratorTest"/>
  <testcase name="deleteCreatedUserChief" time="22.036" classname="com.mocotms.core_release.Test.organization.chief.ChiefTest"/>
  <testcase name="deletePost" time="11.805" classname="com.mocotms.core_release.Test.organization.posts.PostTest"/>
  <testcase name="deleteDepartment" time="6.595" classname="com.mocotms.core_release.Test.organization.structure.DepartmentTest"/>
</testsuite> <!-- core_release -->
