<?xml version="1.0" encoding="UTF-8"?>
<testng-results skipped="0" failed="1" ignored="0" total="19" passed="18">
  <reporter-output>
  </reporter-output>
  <suite name="SmokeTest" duration-ms="255324" started-at="2017-09-27T08:51:54Z" finished-at="2017-09-27T08:56:09Z">
    <groups>
    </groups>
    <test name="core_release" duration-ms="255324" started-at="2017-09-27T08:51:54Z" finished-at="2017-09-27T08:56:09Z">
      <class name="com.mocotms.core_release.Test.organization.chief.ChiefTest">
        <test-method status="PASS" signature="createNewUserChief()[pri:4, instance:com.mocotms.core_release.Test.organization.chief.ChiefTest@234bef66]" name="createNewUserChief" duration-ms="15082" started-at="2017-09-27T11:53:04Z" finished-at="2017-09-27T11:53:20Z">
          <reporter-output>
          </reporter-output>
        </test-method> <!-- createNewUserChief -->
        <test-method status="PASS" signature="addChief()[pri:4, instance:com.mocotms.core_release.Test.organization.chief.ChiefTest@234bef66]" name="addChief" duration-ms="11969" started-at="2017-09-27T11:53:20Z" depends-on-methods="com.mocotms.core_release.Test.organization.chief.ChiefTest.createNewUserChief" finished-at="2017-09-27T11:53:31Z">
          <reporter-output>
          </reporter-output>
        </test-method> <!-- addChief -->
        <test-method status="PASS" signature="findAddedChief()[pri:4, instance:com.mocotms.core_release.Test.organization.chief.ChiefTest@234bef66]" name="findAddedChief" duration-ms="670" started-at="2017-09-27T11:53:31Z" depends-on-methods="com.mocotms.core_release.Test.organization.chief.ChiefTest.addChief" finished-at="2017-09-27T11:53:32Z">
          <reporter-output>
          </reporter-output>
        </test-method> <!-- findAddedChief -->
        <test-method status="FAIL" signature="deleteChief()[pri:4, instance:com.mocotms.core_release.Test.organization.chief.ChiefTest@234bef66]" name="deleteChief" duration-ms="6894" started-at="2017-09-27T11:53:32Z" depends-on-methods="com.mocotms.core_release.Test.organization.chief.ChiefTest.findAddedChief" finished-at="2017-09-27T11:53:39Z">
          <exception class="com.codeborne.selenide.ex.ElementShould">
            <message>
              <![CDATA[Element should be visible {By.xpath: //*[@id='moco-config-chiefs-index']/div[12]/div[3]/div/button[1]}
Element: '<button class="ui-button ui-widget ui-state-default ui-corner-all ui-button-text-only" role="button" type="button" displayed:false></button>']]>
            </message>
            <full-stacktrace>
              <![CDATA[Element should be visible {By.xpath: //*[@id='moco-config-chiefs-index']/div[12]/div[3]/div/button[1]}
Element: '<button class="ui-button ui-widget ui-state-default ui-corner-all ui-button-text-only" role="button" type="button" displayed:false></button>'
Screenshot: file:/C:/Users/Святослав/moco0xtest/build/reports/tests/1506502418954.0.png
Timeout: 4 s.
	at com.codeborne.selenide.impl.WebElementSource.checkCondition(WebElementSource.java:66)
	at com.codeborne.selenide.impl.WebElementSource.findAndAssertElementIsVisible(WebElementSource.java:72)
	at com.codeborne.selenide.commands.Click.execute(Click.java:14)
	at com.codeborne.selenide.commands.Click.execute(Click.java:11)
	at com.codeborne.selenide.commands.Commands.execute(Commands.java:143)
	at com.codeborne.selenide.impl.SelenideElementProxy.dispatchAndRetry(SelenideElementProxy.java:87)
	at com.codeborne.selenide.impl.SelenideElementProxy.invoke(SelenideElementProxy.java:63)
	at com.sun.proxy.$Proxy2.click(Unknown Source)
	at com.mocotms.core_release.Test.organization.chief.ChiefTest.deleteChief(ChiefTest.java:53)
	at sun.reflect.NativeMethodAccessorImpl.invoke0(Native Method)
	at sun.reflect.NativeMethodAccessorImpl.invoke(NativeMethodAccessorImpl.java:62)
	at sun.reflect.DelegatingMethodAccessorImpl.invoke(DelegatingMethodAccessorImpl.java:43)
	at java.lang.reflect.Method.invoke(Method.java:498)
	at org.testng.internal.MethodInvocationHelper.invokeMethod(MethodInvocationHelper.java:108)
	at org.testng.internal.Invoker.invokeMethod(Invoker.java:661)
	at org.testng.internal.Invoker.invokeTestMethod(Invoker.java:869)
	at org.testng.internal.Invoker.invokeTestMethods(Invoker.java:1193)
	at org.testng.internal.TestMethodWorker.invokeTestMethods(TestMethodWorker.java:126)
	at org.testng.internal.TestMethodWorker.run(TestMethodWorker.java:109)
	at org.testng.TestRunner.privateRun(TestRunner.java:744)
	at org.testng.TestRunner.run(TestRunner.java:602)
	at org.testng.SuiteRunner.runTest(SuiteRunner.java:380)
	at org.testng.SuiteRunner.runSequentially(SuiteRunner.java:375)
	at org.testng.SuiteRunner.privateRun(SuiteRunner.java:340)
	at org.testng.SuiteRunner.run(SuiteRunner.java:289)
	at org.testng.SuiteRunnerWorker.runSuite(SuiteRunnerWorker.java:52)
	at org.testng.SuiteRunnerWorker.run(SuiteRunnerWorker.java:86)
	at org.testng.TestNG.runSuitesSequentially(TestNG.java:1301)
	at org.testng.TestNG.runSuitesLocally(TestNG.java:1226)
	at org.testng.TestNG.runSuites(TestNG.java:1144)
	at org.testng.TestNG.run(TestNG.java:1115)
	at org.apache.maven.surefire.testng.TestNGExecutor.run(TestNGExecutor.java:283)
	at org.apache.maven.surefire.testng.TestNGXmlTestSuite.execute(TestNGXmlTestSuite.java:75)
	at org.apache.maven.surefire.testng.TestNGProvider.invoke(TestNGProvider.java:120)
	at org.apache.maven.surefire.booter.ForkedBooter.invokeProviderInSameClassLoader(ForkedBooter.java:373)
	at org.apache.maven.surefire.booter.ForkedBooter.runSuitesInProcess(ForkedBooter.java:334)
	at org.apache.maven.surefire.booter.ForkedBooter.execute(ForkedBooter.java:119)
	at org.apache.maven.surefire.booter.ForkedBooter.main(ForkedBooter.java:407)
]]>
            </full-stacktrace>
          </exception> <!-- com.codeborne.selenide.ex.ElementShould -->
          <reporter-output>
          </reporter-output>
        </test-method> <!-- deleteChief -->
        <test-method status="PASS" signature="deleteCreatedUserChief()[pri:11, instance:com.mocotms.core_release.Test.organization.chief.ChiefTest@234bef66]" name="deleteCreatedUserChief" duration-ms="22036" started-at="2017-09-27T11:55:29Z" finished-at="2017-09-27T11:55:51Z">
          <reporter-output>
          </reporter-output>
        </test-method> <!-- deleteCreatedUserChief -->
      </class> <!-- com.mocotms.core_release.Test.organization.chief.ChiefTest -->
      <class name="com.mocotms.core_release.Test.organization.structure.DepartmentTest">
        <test-method status="PASS" signature="createDepartment()[pri:2, instance:com.mocotms.core_release.Test.organization.structure.DepartmentTest@2096442d]" name="createDepartment" duration-ms="7212" started-at="2017-09-27T11:52:31Z" finished-at="2017-09-27T11:52:38Z">
          <reporter-output>
          </reporter-output>
        </test-method> <!-- createDepartment -->
        <test-method status="PASS" signature="editDepartment()[pri:10, instance:com.mocotms.core_release.Test.organization.structure.DepartmentTest@2096442d]" name="editDepartment" duration-ms="8563" started-at="2017-09-27T11:54:38Z" depends-on-methods="com.mocotms.core_release.Test.organization.structure.DepartmentTest.createDepartment" finished-at="2017-09-27T11:54:46Z">
          <reporter-output>
          </reporter-output>
        </test-method> <!-- editDepartment -->
        <test-method status="PASS" signature="deleteDepartment()[pri:12, instance:com.mocotms.core_release.Test.organization.structure.DepartmentTest@2096442d]" name="deleteDepartment" duration-ms="6595" started-at="2017-09-27T11:56:02Z" finished-at="2017-09-27T11:56:09Z">
          <reporter-output>
          </reporter-output>
        </test-method> <!-- deleteDepartment -->
      </class> <!-- com.mocotms.core_release.Test.organization.structure.DepartmentTest -->
      <class name="com.mocotms.core_release.Test.learning.trainers.TrainersTest">
        <test-method status="PASS" signature="addTrainer()[pri:6, instance:com.mocotms.core_release.Test.learning.trainers.TrainersTest@50f8360d]" name="addTrainer" duration-ms="14909" started-at="2017-09-27T11:54:06Z" finished-at="2017-09-27T11:54:21Z">
          <reporter-output>
          </reporter-output>
        </test-method> <!-- addTrainer -->
      </class> <!-- com.mocotms.core_release.Test.learning.trainers.TrainersTest -->
      <class name="com.mocotms.core_release.Test.organization.posts.PostTest">
        <test-method status="PASS" signature="createPost()[pri:2, instance:com.mocotms.core_release.Test.organization.posts.PostTest@2c9f9fb0]" name="createPost" duration-ms="8173" started-at="2017-09-27T11:52:22Z" finished-at="2017-09-27T11:52:31Z">
          <reporter-output>
          </reporter-output>
        </test-method> <!-- createPost -->
        <test-method status="PASS" signature="editPost()[pri:10, instance:com.mocotms.core_release.Test.organization.posts.PostTest@2c9f9fb0]" name="editPost" duration-ms="16736" started-at="2017-09-27T11:54:21Z" depends-on-methods="com.mocotms.core_release.Test.organization.posts.PostTest.createPost" finished-at="2017-09-27T11:54:38Z">
          <reporter-output>
          </reporter-output>
        </test-method> <!-- editPost -->
        <test-method status="PASS" signature="deletePost()[pri:12, instance:com.mocotms.core_release.Test.organization.posts.PostTest@2c9f9fb0]" name="deletePost" duration-ms="11805" started-at="2017-09-27T11:55:51Z" finished-at="2017-09-27T11:56:02Z">
          <reporter-output>
          </reporter-output>
        </test-method> <!-- deletePost -->
      </class> <!-- com.mocotms.core_release.Test.organization.posts.PostTest -->
      <class name="com.mocotms.core_release.Test.organization.moderator.ModeratorTest">
        <test-method status="PASS" signature="createNewUserModerator()[pri:5, instance:com.mocotms.core_release.Test.organization.moderator.ModeratorTest@2cb4c3ab]" name="createNewUserModerator" duration-ms="15007" started-at="2017-09-27T11:53:39Z" finished-at="2017-09-27T11:53:54Z">
          <reporter-output>
          </reporter-output>
        </test-method> <!-- createNewUserModerator -->
        <test-method status="PASS" signature="addModerator()[pri:5, instance:com.mocotms.core_release.Test.organization.moderator.ModeratorTest@2cb4c3ab]" name="addModerator" duration-ms="11733" started-at="2017-09-27T11:53:54Z" depends-on-methods="com.mocotms.core_release.Test.organization.moderator.ModeratorTest.createNewUserModerator" finished-at="2017-09-27T11:54:06Z">
          <reporter-output>
          </reporter-output>
        </test-method> <!-- addModerator -->
        <test-method status="PASS" signature="deleteCreatedUserModerator()[pri:11, instance:com.mocotms.core_release.Test.organization.moderator.ModeratorTest@2cb4c3ab]" name="deleteCreatedUserModerator" duration-ms="21042" started-at="2017-09-27T11:55:07Z" finished-at="2017-09-27T11:55:29Z">
          <reporter-output>
          </reporter-output>
        </test-method> <!-- deleteCreatedUserModerator -->
      </class> <!-- com.mocotms.core_release.Test.organization.moderator.ModeratorTest -->
      <class name="com.mocotms.core_release.Test.organization.user.EmployeeTest">
        <test-method status="PASS" signature="createNewUser()[pri:3, instance:com.mocotms.core_release.Test.organization.user.EmployeeTest@9f70c54]" name="createNewUser" duration-ms="15716" started-at="2017-09-27T11:52:38Z" finished-at="2017-09-27T11:52:53Z">
          <reporter-output>
          </reporter-output>
        </test-method> <!-- createNewUser -->
        <test-method status="PASS" signature="findCreatedUserName()[pri:3, instance:com.mocotms.core_release.Test.organization.user.EmployeeTest@9f70c54]" name="findCreatedUserName" duration-ms="10925" started-at="2017-09-27T11:52:54Z" depends-on-methods="com.mocotms.core_release.Test.organization.user.EmployeeTest.createNewUser" finished-at="2017-09-27T11:53:04Z">
          <reporter-output>
          </reporter-output>
        </test-method> <!-- findCreatedUserName -->
        <test-method status="PASS" signature="deleteCreatedUser()[pri:11, instance:com.mocotms.core_release.Test.organization.user.EmployeeTest@9f70c54]" name="deleteCreatedUser" duration-ms="21408" started-at="2017-09-27T11:54:46Z" finished-at="2017-09-27T11:55:07Z">
          <reporter-output>
          </reporter-output>
        </test-method> <!-- deleteCreatedUser -->
      </class> <!-- com.mocotms.core_release.Test.organization.user.EmployeeTest -->
      <class name="com.mocotms.core_release.Test.organization.Configurations">
        <test-method status="PASS" signature="setBrowser()[pri:1, instance:com.mocotms.core_release.Test.organization.Configurations@531be3c5]" name="setBrowser" duration-ms="28672" started-at="2017-09-27T11:51:54Z" finished-at="2017-09-27T11:52:22Z">
          <reporter-output>
          </reporter-output>
        </test-method> <!-- setBrowser -->
      </class> <!-- com.mocotms.core_release.Test.organization.Configurations -->
    </test> <!-- core_release -->
  </suite> <!-- SmokeTest -->
</testng-results>
